<?xml version="1.0" encoding="UTF-8"?>
<testng-results ignored="0" total="1" passed="1" failed="0" skipped="0">
  <reporter-output>
    <line>
      <![CDATA[Opening Browser]]>
    </line>
    <line>
      <![CDATA[Opening Browser]]>
    </line>
    <line>
      <![CDATA[Browser opened]]>
    </line>
    <line>
      <![CDATA[name entered in the textbox]]>
    </line>
    <line>
      <![CDATA[Closed Browser]]>
    </line>
  </reporter-output>
  <suite started-at="2020-09-10T12:08:30 IST" name="Default suite" finished-at="2020-09-10T12:09:09 IST" duration-ms="39181">
    <groups>
    </groups>
    <test started-at="2020-09-10T12:08:30 IST" name="Default test" finished-at="2020-09-10T12:09:09 IST" duration-ms="39181">
      <class name="comm.testng.reports.DefaultTestNgReports">
        <test-method signature="f()[pri:0, instance:comm.testng.reports.DefaultTestNgReports@2f54a33d]" started-at="2020-09-10T12:08:30 IST" name="f" finished-at="2020-09-10T12:09:09 IST" duration-ms="39108" status="PASS">
          <reporter-output>
            <line>
              <![CDATA[Opening Browser]]>
            </line>
            <line>
              <![CDATA[Opening Browser]]>
            </line>
            <line>
              <![CDATA[Browser opened]]>
            </line>
            <line>
              <![CDATA[name entered in the textbox]]>
            </line>
            <line>
              <![CDATA[Closed Browser]]>
            </line>
          </reporter-output>
        </test-method> <!-- f -->
      </class> <!-- comm.testng.reports.DefaultTestNgReports -->
    </test> <!-- Default test -->
  </suite> <!-- Default suite -->
</testng-results>
