<?xml version="1.0" encoding="UTF-8"?>
<!-- Generated by org.testng.reporters.JUnitXMLReporter -->
<testsuite ignored="4" hostname="IN-5CG0031HGK" failures="0" tests="4" name="Test TwO" time="0.042" errors="0" timestamp="2020-09-10T09:39:59 IST">
  <testcase classname="com.testing.lifecycle.TestClass1" name="test1" time="0.002"/>
  <testcase classname="com.testing.lifecycle.TestClass1" name="test2" time="0.002"/>
  <testcase classname="com.testing.lifecycle.TestClass2" name="test3" time="0.002"/>
  <testcase classname="com.testing.lifecycle.TestClass2" name="test4" time="0.002"/>
  <testcase classname="com.testing.lifecycle.AbstractClass" name="@BeforeTest beforeTest" time="0.0">
    <ignored/>
  </testcase> <!-- @BeforeTest beforeTest -->
  <testcase classname="com.testing.lifecycle.AbstractClass" name="@AfterTest afterTest" time="0.0">
    <ignored/>
  </testcase> <!-- @AfterTest afterTest -->
  <testcase classname="com.testing.lifecycle.AbstractClass" name="@AfterSuite afterSuite" time="0.0">
    <ignored/>
  </testcase> <!-- @AfterSuite afterSuite -->
  <testcase classname="com.testing.lifecycle.AbstractClass" name="@BeforeSuite beforeSuite" time="0.0">
    <ignored/>
  </testcase> <!-- @BeforeSuite beforeSuite -->
</testsuite> <!-- Test TwO -->
